  AlgorithmCpp.cpp
  AlignofCpp.cpp
  Allocator.cpp
  Any.cpp
  Command.cpp
  Common.cpp
  cpp11.cpp
E:\demo\C-11\cpp11.cpp(100,9): warning C5030: 未识别属性“omp::parallel”
  Delegate.cpp
  Event.cpp
  ForDemo.cpp
  FuncAndBind.cpp
  IocContainer.cpp
  Lamba.cpp
  Objector.cpp
  Server.cpp
  Singleton.cpp
  SyncQueue.cpp
  sync_test.cpp
  TemplateOp.cpp
  ThreadDemo.cpp
  正在生成代码...
  正在编译...
  ThreadPool.cpp
E:\demo\C-11\SyncQueue.h(118,29): warning C4018: “>=”: 有符号/无符号不匹配
E:\demo\C-11\SyncQueue.h(117): message : 在编译 类 模板 成员函数“bool SyncQueue<ThreadPool::Task,std::mutex>::NotFull(void)”时
E:\demo\C-11\SyncQueue.h(95): message : 查看对正在编译的函数 模板 实例化“bool SyncQueue<ThreadPool::Task,std::mutex>::NotFull(void)”的引用
E:\demo\C-11\ThreadPool.h(28): message : 查看对正在编译的 类 模板 实例化“SyncQueue<ThreadPool::Task,std::mutex>”的引用
  TryCatch.cpp
  TupleOp.cpp
  Visitor.cpp
  正在生成代码...
  Server.vcxproj -> E:\demo\C-11\Debug\Server.exe
