e:\project\game_server\server\x64\debug\vc142.pdb
e:\project\game_server\server\x64\debug\vc142.idb
e:\project\game_server\server\x64\debug\templateop.obj
e:\project\game_server\server\x64\debug\server.obj
e:\project\game_server\server\x64\debug\lamba.obj
e:\project\game_server\server\x64\debug\funcandbind.obj
e:\project\game_server\server\x64\debug\fordemo.obj
e:\project\game_server\server\x64\debug\cpp11.obj
e:\project\game_server\server\x64\debug\common.obj
e:\project\game_server\server\x64\debug\allocator.obj
e:\project\game_server\server\x64\debug\tupleop.obj
e:\project\game_server\server\x64\debug\threaddemo.obj
e:\project\game_server\server\x64\debug\server.exe
e:\project\game_server\server\x64\debug\server.ilk
e:\project\game_server\server\x64\debug\server.pdb
e:\project\game_server\server\x64\debug\vcpkg.applocal.log
e:\project\game_server\server\x64\debug\exe_master.ilk
e:\project\game_server\server\x64\debug\exe_master.pdb
e:\project\game_server\server\x64\debug\msllib.pdb
e:\project\game_server\server\x64\debug\server.tlog\cl.command.1.tlog
e:\project\game_server\server\x64\debug\server.tlog\cl.read.1.tlog
e:\project\game_server\server\x64\debug\server.tlog\cl.write.1.tlog
e:\project\game_server\server\x64\debug\server.tlog\link.command.1.tlog
e:\project\game_server\server\x64\debug\server.tlog\link.read.1.tlog
e:\project\game_server\server\x64\debug\server.tlog\link.write.1.tlog
e:\project\game_server\server\x64\debug\server.tlog\server.write.1u.tlog
